<?xml version="1.0" encoding="UTF-8"?>
<!-- Generated by org.testng.reporters.JUnitReportReporter -->
<testsuite hostname="DESKTOP-Q9LGB73" failures="0" tests="1" name="example.Web1" time="17.957" errors="0" timestamp="2021-12-07T16:24:21 IST" skipped="0">
  <testcase classname="example.Web1" name="f" time="17.957"/>
  <system-out/>
</testsuite> <!-- example.Web1 -->
